<?xml version="1.0" encoding="UTF-8"?>
<!-- Generated by org.testng.reporters.JUnitReportReporter -->
<testsuite skipped="0" hostname="Bhaskar" name="tests.SumValidation" tests="1" failures="0" timestamp="2021-11-23T17:33:45 IST" time="3.427" errors="0">
  <testcase name="sumOfCourses" time="3.427" classname="tests.SumValidation"/>
  <system-out/>
</testsuite> <!-- tests.SumValidation -->
