<?xml version="1.0" encoding="UTF-8"?>
<!-- Generated by org.testng.reporters.JUnitReportReporter -->
<testsuite skipped="2" hostname="Bhaskar" name="tests.DynamicJson" tests="5" failures="0" timestamp="2021-12-22T12:25:06 IST" time="8.636" errors="0">
  <testcase name="addBook" time="0.274" classname="tests.DynamicJson"/>
  <system-out/>
  <testcase name="addBook" time="7.988" classname="tests.DynamicJson"/>
  <system-out/>
  <testcase name="addBook" time="0.374" classname="tests.DynamicJson"/>
  <system-out/>
  <testcase name="addBook1" classname="tests.DynamicJson">
    <skipped/>
  </testcase> <!-- addBook1 -->
  <system-out/>
  <testcase name="addBook2" classname="tests.DynamicJson">
    <skipped/>
  </testcase> <!-- addBook2 -->
  <system-out/>
</testsuite> <!-- tests.DynamicJson -->
