<?xml version="1.0" encoding="UTF-8"?>
<!-- Generated by org.testng.reporters.JUnitReportReporter -->
<testsuite hostname="Bhaskar" failures="0" tests="2" name="tests.ExcelDriven" time="9.084" errors="0" timestamp="2022-01-17T16:25:48 IST" skipped="1">
  <testcase classname="tests.ExcelDriven" name="addBookN" time="9.084"/>
  <system-out/>
  <testcase classname="tests.ExcelDriven" name="addBook">
    <skipped/>
  </testcase> <!-- addBook -->
  <system-out/>
</testsuite> <!-- tests.ExcelDriven -->
