<?xml version="1.0" encoding="UTF-8"?>
<!-- Generated by org.testng.reporters.JUnitReportReporter -->
<testsuite skipped="1" hostname="Bhaskar" name="tests.StaticJsonExternal" tests="2" failures="0" timestamp="2021-12-22T14:05:00 IST" time="7.010" errors="0">
  <testcase name="addBook2" time="7.010" classname="tests.StaticJsonExternal"/>
  <system-out/>
  <testcase name="addBook1" classname="tests.StaticJsonExternal">
    <skipped/>
  </testcase> <!-- addBook1 -->
  <system-out/>
</testsuite> <!-- tests.StaticJsonExternal -->
